<?xml version="1.0" encoding="UTF-8"?>
<testng-results ignored="0" total="2" passed="2" failed="0" skipped="0">
  <reporter-output>
  </reporter-output>
  <suite started-at="2022-08-14T18:14:11 IST" name="Suite" finished-at="2022-08-14T18:14:11 IST" duration-ms="36">
    <groups>
    </groups>
    <test started-at="2022-08-14T18:14:11 IST" name="Test" finished-at="2022-08-14T18:14:11 IST" duration-ms="36">
      <class name="rcbtest.team.TeamRCBTest">
        <test-method is-config="true" signature="RCBTeamData()[pri:0, instance:rcbtest.team.TeamRCBTest@5f9b2141]" started-at="2022-08-14T18:14:11 IST" name="RCBTeamData" finished-at="2022-08-14T18:14:11 IST" duration-ms="10" status="PASS">
          <reporter-output>
          </reporter-output>
        </test-method> <!-- RCBTeamData -->
        <test-method signature="ValidateOnly4ForeignPlayers()[pri:1, instance:rcbtest.team.TeamRCBTest@5f9b2141]" started-at="2022-08-14T18:14:11 IST" name="ValidateOnly4ForeignPlayers" finished-at="2022-08-14T18:14:11 IST" duration-ms="3" status="PASS">
          <reporter-output>
          </reporter-output>
        </test-method> <!-- ValidateOnly4ForeignPlayers -->
        <test-method signature="validateAtleast1WicketKeeper()[pri:2, instance:rcbtest.team.TeamRCBTest@5f9b2141]" started-at="2022-08-14T18:14:11 IST" name="validateAtleast1WicketKeeper" finished-at="2022-08-14T18:14:11 IST" duration-ms="0" status="PASS">
          <reporter-output>
          </reporter-output>
        </test-method> <!-- validateAtleast1WicketKeeper -->
      </class> <!-- rcbtest.team.TeamRCBTest -->
    </test> <!-- Test -->
  </suite> <!-- Suite -->
</testng-results>
