<?xml version="1.0" encoding="UTF-8"?>
<testsuite xmlns:xsi="http://www.w3.org/2001/XMLSchema-instance" xsi:noNamespaceSchemaLocation="https://maven.apache.org/surefire/maven-surefire-plugin/xsd/surefire-test-report-3.0.xsd" version="3.0" name="TestSuite" time="0.39" tests="2" errors="0" skipped="0" failures="0">
  <properties>
[...]
</properties>
  <testcase name="ValidateOnly4ForeignPlayers" classname="rcbtest.team.TeamRCBTest" time="0.003">
    <system-out><![CDATA[Rcb has 11 Players.It has 4 Foreign Players]]></system-out>
    <system-err><![CDATA[SLF4J: Failed to load class "org.slf4j.impl.StaticLoggerBinder".
SLF4J: Defaulting to no-operation (NOP) logger implementation
SLF4J: See http://www.slf4j.org/codes.html#StaticLoggerBinder for further details.
]]></system-err>
  </testcase>
  <testcase name="validateAtleast1WicketKeeper" classname="rcbtest.team.TeamRCBTest" time="0.001">
    <system-out><![CDATA[ and 1 Wicket-Keeper.
]]></system-out>
  </testcase>
</testsuite>