<?xml version="1.0" encoding="UTF-8"?>
<testng-results ignored="0" total="2" passed="2" failed="0" skipped="0">
  <reporter-output>
  </reporter-output>
  <suite started-at="2022-08-14T17:52:30 IST" name="Default suite" finished-at="2022-08-14T17:52:30 IST" duration-ms="51">
    <groups>
    </groups>
    <test started-at="2022-08-14T17:52:30 IST" name="Default test" finished-at="2022-08-14T17:52:30 IST" duration-ms="51">
      <class name="rcbtest.team.TeamRCBTest">
        <test-method is-config="true" signature="RCBTeamData()[pri:0, instance:rcbtest.team.TeamRCBTest@693fe6c9]" started-at="2022-08-14T17:52:30 IST" name="RCBTeamData" finished-at="2022-08-14T17:52:30 IST" duration-ms="12" status="PASS">
          <reporter-output>
          </reporter-output>
        </test-method> <!-- RCBTeamData -->
        <test-method signature="ValidateOnly4ForeignPlayers()[pri:1, instance:rcbtest.team.TeamRCBTest@693fe6c9]" started-at="2022-08-14T17:52:30 IST" name="ValidateOnly4ForeignPlayers" finished-at="2022-08-14T17:52:30 IST" duration-ms="6" status="PASS">
          <reporter-output>
          </reporter-output>
        </test-method> <!-- ValidateOnly4ForeignPlayers -->
        <test-method signature="validateAtleast1WicketKeeper()[pri:2, instance:rcbtest.team.TeamRCBTest@693fe6c9]" started-at="2022-08-14T17:52:30 IST" name="validateAtleast1WicketKeeper" finished-at="2022-08-14T17:52:30 IST" duration-ms="1" status="PASS">
          <reporter-output>
          </reporter-output>
        </test-method> <!-- validateAtleast1WicketKeeper -->
      </class> <!-- rcbtest.team.TeamRCBTest -->
    </test> <!-- Default test -->
  </suite> <!-- Default suite -->
</testng-results>
